<?xml version="1.0" encoding="UTF-8"?>
<testsuite xmlns:xsi="http://www.w3.org/2001/XMLSchema-instance" xsi:noNamespaceSchemaLocation="https://maven.apache.org/surefire/maven-surefire-plugin/xsd/surefire-test-report.xsd" version="3.0.2" name="io.novafs.rag.splitter.TextSplitterTest" time="0.012" tests="6" errors="0" skipped="0" failures="0">
  <properties>
[...]
</properties>
  <testcase name="emptyText_returnsNoChunk" classname="io.novafs.rag.splitter.TextSplitterTest" time="0.001"/>
  <testcase name="overlap_appliedBetweenAdjacentChunks" classname="io.novafs.rag.splitter.TextSplitterTest" time="0.001"/>
  <testcase name="longText_splitByParagraph" classname="io.novafs.rag.splitter.TextSplitterTest" time="0.004"/>
  <testcase name="shortText_returnsSingleChunk" classname="io.novafs.rag.splitter.TextSplitterTest" time="0.0"/>
  <testcase name="noSeparator_forceSplitBySize" classname="io.novafs.rag.splitter.TextSplitterTest" time="0.002"/>
  <testcase name="invalidParams_rejected" classname="io.novafs.rag.splitter.TextSplitterTest" time="0.001"/>
</testsuite>